Determining if the Q_WS_WIN exist failed with the following output:
Change Dir: /home/rajath/robocomp/components/mycomponents/myfirstcomp/CMakeFiles/CMakeTmp

Run Build Command:/usr/bin/make "cmTryCompileExec4080219241/fast"
/usr/bin/make -f CMakeFiles/cmTryCompileExec4080219241.dir/build.make CMakeFiles/cmTryCompileExec4080219241.dir/build
make[1]: Entering directory `/home/rajath/robocomp/components/mycomponents/myfirstcomp/CMakeFiles/CMakeTmp'
/usr/bin/cmake -E cmake_progress_report /home/rajath/robocomp/components/mycomponents/myfirstcomp/CMakeFiles/CMakeTmp/CMakeFiles 1
Building CXX object CMakeFiles/cmTryCompileExec4080219241.dir/CheckSymbolExists.cxx.o
/usr/bin/c++    -I/usr/include/qt4    -o CMakeFiles/cmTryCompileExec4080219241.dir/CheckSymbolExists.cxx.o -c /home/rajath/robocomp/components/mycomponents/myfirstcomp/CMakeFiles/CMakeTmp/CheckSymbolExists.cxx
/home/rajath/robocomp/components/mycomponents/myfirstcomp/CMakeFiles/CMakeTmp/CheckSymbolExists.cxx: In function ‘int main(int, char**)’:
/home/rajath/robocomp/components/mycomponents/myfirstcomp/CMakeFiles/CMakeTmp/CheckSymbolExists.cxx:8:19: error: ‘Q_WS_WIN’ was not declared in this scope
   return ((int*)(&Q_WS_WIN))[argc];
                   ^
make[1]: *** [CMakeFiles/cmTryCompileExec4080219241.dir/CheckSymbolExists.cxx.o] Error 1
make[1]: Leaving directory `/home/rajath/robocomp/components/mycomponents/myfirstcomp/CMakeFiles/CMakeTmp'
make: *** [cmTryCompileExec4080219241/fast] Error 2

File /home/rajath/robocomp/components/mycomponents/myfirstcomp/CMakeFiles/CMakeTmp/CheckSymbolExists.cxx:
/* */
#include <QtCore/qglobal.h>

int main(int argc, char** argv)
{
  (void)argv;
#ifndef Q_WS_WIN
  return ((int*)(&Q_WS_WIN))[argc];
#else
  (void)argc;
  return 0;
#endif
}

Determining if the Q_WS_QWS exist failed with the following output:
Change Dir: /home/rajath/robocomp/components/mycomponents/myfirstcomp/CMakeFiles/CMakeTmp

Run Build Command:/usr/bin/make "cmTryCompileExec1860936222/fast"
/usr/bin/make -f CMakeFiles/cmTryCompileExec1860936222.dir/build.make CMakeFiles/cmTryCompileExec1860936222.dir/build
make[1]: Entering directory `/home/rajath/robocomp/components/mycomponents/myfirstcomp/CMakeFiles/CMakeTmp'
/usr/bin/cmake -E cmake_progress_report /home/rajath/robocomp/components/mycomponents/myfirstcomp/CMakeFiles/CMakeTmp/CMakeFiles 1
Building CXX object CMakeFiles/cmTryCompileExec1860936222.dir/CheckSymbolExists.cxx.o
/usr/bin/c++    -I/usr/include/qt4    -o CMakeFiles/cmTryCompileExec1860936222.dir/CheckSymbolExists.cxx.o -c /home/rajath/robocomp/components/mycomponents/myfirstcomp/CMakeFiles/CMakeTmp/CheckSymbolExists.cxx
/home/rajath/robocomp/components/mycomponents/myfirstcomp/CMakeFiles/CMakeTmp/CheckSymbolExists.cxx: In function ‘int main(int, char**)’:
/home/rajath/robocomp/components/mycomponents/myfirstcomp/CMakeFiles/CMakeTmp/CheckSymbolExists.cxx:8:19: error: ‘Q_WS_QWS’ was not declared in this scope
   return ((int*)(&Q_WS_QWS))[argc];
                   ^
make[1]: *** [CMakeFiles/cmTryCompileExec1860936222.dir/CheckSymbolExists.cxx.o] Error 1
make[1]: Leaving directory `/home/rajath/robocomp/components/mycomponents/myfirstcomp/CMakeFiles/CMakeTmp'
make: *** [cmTryCompileExec1860936222/fast] Error 2

File /home/rajath/robocomp/components/mycomponents/myfirstcomp/CMakeFiles/CMakeTmp/CheckSymbolExists.cxx:
/* */
#include <QtCore/qglobal.h>

int main(int argc, char** argv)
{
  (void)argv;
#ifndef Q_WS_QWS
  return ((int*)(&Q_WS_QWS))[argc];
#else
  (void)argc;
  return 0;
#endif
}

Determining if the Q_WS_MAC exist failed with the following output:
Change Dir: /home/rajath/robocomp/components/mycomponents/myfirstcomp/CMakeFiles/CMakeTmp

Run Build Command:/usr/bin/make "cmTryCompileExec1601433629/fast"
/usr/bin/make -f CMakeFiles/cmTryCompileExec1601433629.dir/build.make CMakeFiles/cmTryCompileExec1601433629.dir/build
make[1]: Entering directory `/home/rajath/robocomp/components/mycomponents/myfirstcomp/CMakeFiles/CMakeTmp'
/usr/bin/cmake -E cmake_progress_report /home/rajath/robocomp/components/mycomponents/myfirstcomp/CMakeFiles/CMakeTmp/CMakeFiles 1
Building CXX object CMakeFiles/cmTryCompileExec1601433629.dir/CheckSymbolExists.cxx.o
/usr/bin/c++    -I/usr/include/qt4    -o CMakeFiles/cmTryCompileExec1601433629.dir/CheckSymbolExists.cxx.o -c /home/rajath/robocomp/components/mycomponents/myfirstcomp/CMakeFiles/CMakeTmp/CheckSymbolExists.cxx
/home/rajath/robocomp/components/mycomponents/myfirstcomp/CMakeFiles/CMakeTmp/CheckSymbolExists.cxx: In function ‘int main(int, char**)’:
/home/rajath/robocomp/components/mycomponents/myfirstcomp/CMakeFiles/CMakeTmp/CheckSymbolExists.cxx:8:19: error: ‘Q_WS_MAC’ was not declared in this scope
   return ((int*)(&Q_WS_MAC))[argc];
                   ^
make[1]: *** [CMakeFiles/cmTryCompileExec1601433629.dir/CheckSymbolExists.cxx.o] Error 1
make[1]: Leaving directory `/home/rajath/robocomp/components/mycomponents/myfirstcomp/CMakeFiles/CMakeTmp'
make: *** [cmTryCompileExec1601433629/fast] Error 2

File /home/rajath/robocomp/components/mycomponents/myfirstcomp/CMakeFiles/CMakeTmp/CheckSymbolExists.cxx:
/* */
#include <QtCore/qglobal.h>

int main(int argc, char** argv)
{
  (void)argv;
#ifndef Q_WS_MAC
  return ((int*)(&Q_WS_MAC))[argc];
#else
  (void)argc;
  return 0;
#endif
}

