Determining if the Q_WS_WIN exist failed with the following output:
Change Dir: /home/rajath/robocomp/components/mycomponents/robcomptut/5/CMakeFiles/CMakeTmp

Run Build Command:/usr/bin/make "cmTryCompileExec3439691515/fast"
/usr/bin/make -f CMakeFiles/cmTryCompileExec3439691515.dir/build.make CMakeFiles/cmTryCompileExec3439691515.dir/build
make[1]: Entering directory `/home/rajath/robocomp/components/mycomponents/robcomptut/5/CMakeFiles/CMakeTmp'
/usr/bin/cmake -E cmake_progress_report /home/rajath/robocomp/components/mycomponents/robcomptut/5/CMakeFiles/CMakeTmp/CMakeFiles 1
Building CXX object CMakeFiles/cmTryCompileExec3439691515.dir/CheckSymbolExists.cxx.o
/usr/bin/c++    -I/usr/include/qt4    -o CMakeFiles/cmTryCompileExec3439691515.dir/CheckSymbolExists.cxx.o -c /home/rajath/robocomp/components/mycomponents/robcomptut/5/CMakeFiles/CMakeTmp/CheckSymbolExists.cxx
/home/rajath/robocomp/components/mycomponents/robcomptut/5/CMakeFiles/CMakeTmp/CheckSymbolExists.cxx: In function ‘int main(int, char**)’:
/home/rajath/robocomp/components/mycomponents/robcomptut/5/CMakeFiles/CMakeTmp/CheckSymbolExists.cxx:8:19: error: ‘Q_WS_WIN’ was not declared in this scope
   return ((int*)(&Q_WS_WIN))[argc];
                   ^
make[1]: *** [CMakeFiles/cmTryCompileExec3439691515.dir/CheckSymbolExists.cxx.o] Error 1
make[1]: Leaving directory `/home/rajath/robocomp/components/mycomponents/robcomptut/5/CMakeFiles/CMakeTmp'
make: *** [cmTryCompileExec3439691515/fast] Error 2

File /home/rajath/robocomp/components/mycomponents/robcomptut/5/CMakeFiles/CMakeTmp/CheckSymbolExists.cxx:
/* */
#include <QtCore/qglobal.h>

int main(int argc, char** argv)
{
  (void)argv;
#ifndef Q_WS_WIN
  return ((int*)(&Q_WS_WIN))[argc];
#else
  (void)argc;
  return 0;
#endif
}

Determining if the Q_WS_QWS exist failed with the following output:
Change Dir: /home/rajath/robocomp/components/mycomponents/robcomptut/5/CMakeFiles/CMakeTmp

Run Build Command:/usr/bin/make "cmTryCompileExec582228652/fast"
/usr/bin/make -f CMakeFiles/cmTryCompileExec582228652.dir/build.make CMakeFiles/cmTryCompileExec582228652.dir/build
make[1]: Entering directory `/home/rajath/robocomp/components/mycomponents/robcomptut/5/CMakeFiles/CMakeTmp'
/usr/bin/cmake -E cmake_progress_report /home/rajath/robocomp/components/mycomponents/robcomptut/5/CMakeFiles/CMakeTmp/CMakeFiles 1
Building CXX object CMakeFiles/cmTryCompileExec582228652.dir/CheckSymbolExists.cxx.o
/usr/bin/c++    -I/usr/include/qt4    -o CMakeFiles/cmTryCompileExec582228652.dir/CheckSymbolExists.cxx.o -c /home/rajath/robocomp/components/mycomponents/robcomptut/5/CMakeFiles/CMakeTmp/CheckSymbolExists.cxx
/home/rajath/robocomp/components/mycomponents/robcomptut/5/CMakeFiles/CMakeTmp/CheckSymbolExists.cxx: In function ‘int main(int, char**)’:
/home/rajath/robocomp/components/mycomponents/robcomptut/5/CMakeFiles/CMakeTmp/CheckSymbolExists.cxx:8:19: error: ‘Q_WS_QWS’ was not declared in this scope
   return ((int*)(&Q_WS_QWS))[argc];
                   ^
make[1]: *** [CMakeFiles/cmTryCompileExec582228652.dir/CheckSymbolExists.cxx.o] Error 1
make[1]: Leaving directory `/home/rajath/robocomp/components/mycomponents/robcomptut/5/CMakeFiles/CMakeTmp'
make: *** [cmTryCompileExec582228652/fast] Error 2

File /home/rajath/robocomp/components/mycomponents/robcomptut/5/CMakeFiles/CMakeTmp/CheckSymbolExists.cxx:
/* */
#include <QtCore/qglobal.h>

int main(int argc, char** argv)
{
  (void)argv;
#ifndef Q_WS_QWS
  return ((int*)(&Q_WS_QWS))[argc];
#else
  (void)argc;
  return 0;
#endif
}

Determining if the Q_WS_MAC exist failed with the following output:
Change Dir: /home/rajath/robocomp/components/mycomponents/robcomptut/5/CMakeFiles/CMakeTmp

Run Build Command:/usr/bin/make "cmTryCompileExec1789633012/fast"
/usr/bin/make -f CMakeFiles/cmTryCompileExec1789633012.dir/build.make CMakeFiles/cmTryCompileExec1789633012.dir/build
make[1]: Entering directory `/home/rajath/robocomp/components/mycomponents/robcomptut/5/CMakeFiles/CMakeTmp'
/usr/bin/cmake -E cmake_progress_report /home/rajath/robocomp/components/mycomponents/robcomptut/5/CMakeFiles/CMakeTmp/CMakeFiles 1
Building CXX object CMakeFiles/cmTryCompileExec1789633012.dir/CheckSymbolExists.cxx.o
/usr/bin/c++    -I/usr/include/qt4    -o CMakeFiles/cmTryCompileExec1789633012.dir/CheckSymbolExists.cxx.o -c /home/rajath/robocomp/components/mycomponents/robcomptut/5/CMakeFiles/CMakeTmp/CheckSymbolExists.cxx
/home/rajath/robocomp/components/mycomponents/robcomptut/5/CMakeFiles/CMakeTmp/CheckSymbolExists.cxx: In function ‘int main(int, char**)’:
/home/rajath/robocomp/components/mycomponents/robcomptut/5/CMakeFiles/CMakeTmp/CheckSymbolExists.cxx:8:19: error: ‘Q_WS_MAC’ was not declared in this scope
   return ((int*)(&Q_WS_MAC))[argc];
                   ^
make[1]: *** [CMakeFiles/cmTryCompileExec1789633012.dir/CheckSymbolExists.cxx.o] Error 1
make[1]: Leaving directory `/home/rajath/robocomp/components/mycomponents/robcomptut/5/CMakeFiles/CMakeTmp'
make: *** [cmTryCompileExec1789633012/fast] Error 2

File /home/rajath/robocomp/components/mycomponents/robcomptut/5/CMakeFiles/CMakeTmp/CheckSymbolExists.cxx:
/* */
#include <QtCore/qglobal.h>

int main(int argc, char** argv)
{
  (void)argv;
#ifndef Q_WS_MAC
  return ((int*)(&Q_WS_MAC))[argc];
#else
  (void)argc;
  return 0;
#endif
}

